<?xml version="1.0" encoding="UTF-8"?>
<!-- Generated by org.testng.reporters.JUnitReportReporter -->
<testsuite skipped="0" hostname="DESKTOP-CBG7ERS" name="com.training.sanity.tests.LoginTests" tests="1" failures="0" timestamp="2019-10-29T13:08:32 IST" time="37.979" errors="0">
  <testcase name="validLoginTest" time="37.979" classname="com.training.sanity.tests.LoginTests"/>
</testsuite> <!-- com.training.sanity.tests.LoginTests -->
