<?xml version="1.0" encoding="UTF-8"?>
<!-- Generated by org.testng.reporters.JUnitReportReporter -->
<testsuite skipped="0" hostname="DESKTOP-CBG7ERS" name="com.training.sanity.tests.ELearning_DeleteCourse_ELTC_021" tests="1" failures="0" timestamp="2019-10-30T10:41:10 IST" time="25.862" errors="0">
  <testcase name="validLoginTest" time="25.862" classname="com.training.sanity.tests.ELearning_DeleteCourse_ELTC_021"/>
</testsuite> <!-- com.training.sanity.tests.ELearning_DeleteCourse_ELTC_021 -->
